<?xml version="1.0" encoding="UTF-8"?>
<!-- Generated by org.testng.reporters.JUnitXMLReporter -->
<testsuite ignored="0" hostname="DESKTOP-HGDO0E4" failures="0" tests="3" name="Test" time="30.811" errors="0" timestamp="2023-10-16T15:41:06 IST">
  <testcase classname="test_classes.Flipkart_003_Test" name="SellerRegistration" time="4.239"/>
  <testcase classname="test_classes.Flipkart_002_Test" name="grossMarginData" time="10.388"/>
  <testcase classname="test_classes.Flipkart_001_Test" name="countNumberOfPhones" time="6.04"/>
</testsuite> <!-- Test -->
